<?xml version="1.0" encoding="UTF-8"?>
<coverage generated="1777975689983" clover="3.2.0">
  <project timestamp="1777975689983" name="All files">
    <metrics statements="26" coveredstatements="26" conditionals="32" coveredconditionals="31" methods="10" coveredmethods="10" elements="68" coveredelements="67" complexity="0" loc="26" ncloc="26" packages="4" files="4" classes="4"/>
    <package name="Button">
      <metrics statements="5" coveredstatements="5" conditionals="9" coveredconditionals="9" methods="1" coveredmethods="1"/>
      <file name="Button.tsx" path="/Users/andresvega/Documents/Personal/Develop/Kynetic-API/kynetic-app/src/shared/components/ui/Button/Button.tsx">
        <metrics statements="5" coveredstatements="5" conditionals="9" coveredconditionals="9" methods="1" coveredmethods="1"/>
        <line num="10" count="1" type="stmt"/>
        <line num="22" count="5" type="stmt"/>
        <line num="24" count="5" type="stmt"/>
        <line num="31" count="5" type="stmt"/>
        <line num="37" count="5" type="stmt"/>
      </file>
    </package>
    <package name="Input">
      <metrics statements="4" coveredstatements="4" conditionals="12" coveredconditionals="12" methods="1" coveredmethods="1"/>
      <file name="Input.tsx" path="/Users/andresvega/Documents/Personal/Develop/Kynetic-API/kynetic-app/src/shared/components/ui/Input/Input.tsx">
        <metrics statements="4" coveredstatements="4" conditionals="12" coveredconditionals="12" methods="1" coveredmethods="1"/>
        <line num="9" count="1" type="stmt"/>
        <line num="11" count="5" type="cond" truecount="2" falsecount="0"/>
        <line num="13" count="5" type="stmt"/>
        <line num="37" count="1" type="stmt"/>
      </file>
    </package>
    <package name="Modal">
      <metrics statements="13" coveredstatements="13" conditionals="8" coveredconditionals="7" methods="6" coveredmethods="6"/>
      <file name="Modal.tsx" path="/Users/andresvega/Documents/Personal/Develop/Kynetic-API/kynetic-app/src/shared/components/ui/Modal/Modal.tsx">
        <metrics statements="13" coveredstatements="13" conditionals="8" coveredconditionals="7" methods="6" coveredmethods="6"/>
        <line num="12" count="1" type="stmt"/>
        <line num="14" count="6" type="stmt"/>
        <line num="15" count="6" type="cond" truecount="2" falsecount="0"/>
        <line num="16" count="4" type="stmt"/>
        <line num="18" count="2" type="stmt"/>
        <line num="20" count="6" type="stmt"/>
        <line num="24" count="6" type="stmt"/>
        <line num="25" count="6" type="stmt"/>
        <line num="26" count="2" type="cond" truecount="1" falsecount="1"/>
        <line num="28" count="6" type="cond" truecount="2" falsecount="0"/>
        <line num="29" count="6" type="stmt"/>
        <line num="32" count="6" type="cond" truecount="2" falsecount="0"/>
        <line num="35" count="4" type="stmt"/>
      </file>
    </package>
    <package name="Slider">
      <metrics statements="4" coveredstatements="4" conditionals="3" coveredconditionals="3" methods="2" coveredmethods="2"/>
      <file name="Slider.tsx" path="/Users/andresvega/Documents/Personal/Develop/Kynetic-API/kynetic-app/src/shared/components/ui/Slider/Slider.tsx">
        <metrics statements="4" coveredstatements="4" conditionals="3" coveredconditionals="3" methods="2" coveredmethods="2"/>
        <line num="12" count="1" type="stmt"/>
        <line num="21" count="3" type="stmt"/>
        <line num="22" count="1" type="stmt"/>
        <line num="25" count="3" type="stmt"/>
      </file>
    </package>
  </project>
</coverage>
