{"/Users/andresvega/Documents/Personal/Develop/Kynetic-API/kynetic-app/src/shared/components/ui/Button/Button.tsx": {"path":"/Users/andresvega/Documents/Personal/Develop/Kynetic-API/kynetic-app/src/shared/components/ui/Button/Button.tsx","statementMap":{"0":{"start":{"line":10,"column":13},"end":{"line":45,"column":null}},"1":{"start":{"line":22,"column":21},"end":{"line":22,"column":null}},"2":{"start":{"line":24,"column":19},"end":{"line":29,"column":null}},"3":{"start":{"line":31,"column":16},"end":{"line":35,"column":null}},"4":{"start":{"line":37,"column":2},"end":{"line":45,"column":null}}},"fnMap":{"0":{"name":"(anonymous_0)","decl":{"start":{"line":10,"column":13},"end":{"line":10,"column":23}},"loc":{"start":{"line":19,"column":19},"end":{"line":45,"column":null}},"line":19}},"branchMap":{"0":{"loc":{"start":{"line":12,"column":2},"end":{"line":12,"column":null}},"type":"default-arg","locations":[{"start":{"line":12,"column":12},"end":{"line":12,"column":null}}],"line":12},"1":{"loc":{"start":{"line":13,"column":2},"end":{"line":13,"column":null}},"type":"default-arg","locations":[{"start":{"line":13,"column":9},"end":{"line":13,"column":null}}],"line":13},"2":{"loc":{"start":{"line":40,"column":16},"end":{"line":40,"column":null}},"type":"binary-expr","locations":[{"start":{"line":40,"column":16},"end":{"line":40,"column":28}},{"start":{"line":40,"column":28},"end":{"line":40,"column":null}}],"line":40},"3":{"loc":{"start":{"line":43,"column":7},"end":{"line":43,"column":null}},"type":"binary-expr","locations":[{"start":{"line":43,"column":7},"end":{"line":43,"column":20}},{"start":{"line":43,"column":20},"end":{"line":43,"column":null}}],"line":43},"4":{"loc":{"start":{"line":44,"column":7},"end":{"line":44,"column":null}},"type":"binary-expr","locations":[{"start":{"line":44,"column":7},"end":{"line":44,"column":21}},{"start":{"line":44,"column":21},"end":{"line":44,"column":33}},{"start":{"line":44,"column":33},"end":{"line":44,"column":null}}],"line":44}},"s":{"0":1,"1":5,"2":5,"3":5,"4":5},"f":{"0":5},"b":{"0":[5],"1":[5],"2":[5,4],"3":[5,1],"4":[5,4,1]},"meta":{"lastBranch":5,"lastFunction":1,"lastStatement":5,"seen":{"s:10:13:45:Infinity":0,"f:10:13:10:23":0,"b:12:12:12:Infinity":0,"b:13:9:13:Infinity":1,"s:22:21:22:Infinity":1,"s:24:19:29:Infinity":2,"s:31:16:35:Infinity":3,"s:37:2:45:Infinity":4,"b:40:16:40:28:40:28:40:Infinity":2,"b:43:7:43:20:43:20:43:Infinity":3,"b:44:7:44:21:44:21:44:33:44:33:44:Infinity":4}}}
,"/Users/andresvega/Documents/Personal/Develop/Kynetic-API/kynetic-app/src/shared/components/ui/Input/Input.tsx": {"path":"/Users/andresvega/Documents/Personal/Develop/Kynetic-API/kynetic-app/src/shared/components/ui/Input/Input.tsx","statementMap":{"0":{"start":{"line":9,"column":13},"end":{"line":35,"column":null}},"1":{"start":{"line":11,"column":20},"end":{"line":11,"column":73}},"2":{"start":{"line":13,"column":4},"end":{"line":31,"column":null}},"3":{"start":{"line":37,"column":0},"end":{"line":37,"column":null}}},"fnMap":{"0":{"name":"(anonymous_0)","decl":{"start":{"line":9,"column":21},"end":{"line":9,"column":null}},"loc":{"start":{"line":10,"column":56},"end":{"line":35,"column":null}},"line":10}},"branchMap":{"0":{"loc":{"start":{"line":11,"column":20},"end":{"line":11,"column":73}},"type":"binary-expr","locations":[{"start":{"line":11,"column":20},"end":{"line":11,"column":32}},{"start":{"line":11,"column":32},"end":{"line":11,"column":73}}],"line":11},"1":{"loc":{"start":{"line":15,"column":9},"end":{"line":15,"column":null}},"type":"binary-expr","locations":[{"start":{"line":15,"column":9},"end":{"line":15,"column":18}},{"start":{"line":15,"column":18},"end":{"line":15,"column":null}}],"line":15},"2":{"loc":{"start":{"line":18,"column":11},"end":{"line":19,"column":11}},"type":"binary-expr","locations":[{"start":{"line":18,"column":11},"end":{"line":18,"column":19}},{"start":{"line":18,"column":19},"end":{"line":19,"column":11}}],"line":18},"3":{"loc":{"start":{"line":24,"column":16},"end":{"line":24,"column":null}},"type":"cond-expr","locations":[{"start":{"line":24,"column":24},"end":{"line":24,"column":75}},{"start":{"line":24,"column":75},"end":{"line":24,"column":null}}],"line":24},"4":{"loc":{"start":{"line":25,"column":16},"end":{"line":25,"column":null}},"type":"cond-expr","locations":[{"start":{"line":25,"column":23},"end":{"line":25,"column":33}},{"start":{"line":25,"column":33},"end":{"line":25,"column":null}}],"line":25},"5":{"loc":{"start":{"line":31,"column":9},"end":{"line":31,"column":null}},"type":"binary-expr","locations":[{"start":{"line":31,"column":9},"end":{"line":31,"column":18}},{"start":{"line":31,"column":18},"end":{"line":31,"column":null}}],"line":31}},"s":{"0":1,"1":5,"2":5,"3":1},"f":{"0":5},"b":{"0":[5,4],"1":[5,2],"2":[5,1],"3":[1,4],"4":[1,4],"5":[5,1]},"meta":{"lastBranch":6,"lastFunction":1,"lastStatement":4,"seen":{"s:9:13:35:Infinity":0,"f:9:21:9:Infinity":0,"s:11:20:11:73":1,"b:11:20:11:32:11:32:11:73":0,"s:13:4:31:Infinity":2,"b:15:9:15:18:15:18:15:Infinity":1,"b:18:11:18:19:18:19:19:11":2,"b:24:24:24:75:24:75:24:Infinity":3,"b:25:23:25:33:25:33:25:Infinity":4,"b:31:9:31:18:31:18:31:Infinity":5,"s:37:0:37:Infinity":3}}}
,"/Users/andresvega/Documents/Personal/Develop/Kynetic-API/kynetic-app/src/shared/components/ui/Modal/Modal.tsx": {"path":"/Users/andresvega/Documents/Personal/Develop/Kynetic-API/kynetic-app/src/shared/components/ui/Modal/Modal.tsx","statementMap":{"0":{"start":{"line":12,"column":13},"end":{"line":71,"column":null}},"1":{"start":{"line":14,"column":2},"end":{"line":21,"column":null}},"2":{"start":{"line":15,"column":4},"end":{"line":18,"column":null}},"3":{"start":{"line":16,"column":6},"end":{"line":16,"column":null}},"4":{"start":{"line":18,"column":6},"end":{"line":18,"column":null}},"5":{"start":{"line":20,"column":4},"end":{"line":20,"column":null}},"6":{"start":{"line":20,"column":19},"end":{"line":20,"column":null}},"7":{"start":{"line":24,"column":2},"end":{"line":30,"column":null}},"8":{"start":{"line":25,"column":10},"end":{"line":26,"column":null}},"9":{"start":{"line":26,"column":6},"end":{"line":26,"column":null}},"10":{"start":{"line":26,"column":30},"end":{"line":26,"column":null}},"11":{"start":{"line":28,"column":4},"end":{"line":28,"column":null}},"12":{"start":{"line":28,"column":16},"end":{"line":28,"column":null}},"13":{"start":{"line":29,"column":4},"end":{"line":29,"column":null}},"14":{"start":{"line":29,"column":17},"end":{"line":29,"column":68}},"15":{"start":{"line":32,"column":2},"end":{"line":32,"column":null}},"16":{"start":{"line":32,"column":15},"end":{"line":32,"column":null}},"17":{"start":{"line":35,"column":2},"end":{"line":71,"column":null}}},"fnMap":{"0":{"name":"(anonymous_0)","decl":{"start":{"line":12,"column":13},"end":{"line":12,"column":22}},"loc":{"start":{"line":12,"column":75},"end":{"line":71,"column":null}},"line":12},"1":{"name":"(anonymous_1)","decl":{"start":{"line":14,"column":2},"end":{"line":14,"column":18}},"loc":{"start":{"line":14,"column":18},"end":{"line":21,"column":6}},"line":14},"2":{"name":"(anonymous_2)","decl":{"start":{"line":20,"column":4},"end":{"line":20,"column":17}},"loc":{"start":{"line":20,"column":17},"end":{"line":20,"column":null}},"line":20},"3":{"name":"(anonymous_3)","decl":{"start":{"line":24,"column":2},"end":{"line":24,"column":18}},"loc":{"start":{"line":24,"column":18},"end":{"line":30,"column":6}},"line":24},"4":{"name":"(anonymous_4)","decl":{"start":{"line":25,"column":10},"end":{"line":25,"column":26}},"loc":{"start":{"line":25,"column":47},"end":{"line":26,"column":null}},"line":25},"5":{"name":"(anonymous_5)","decl":{"start":{"line":29,"column":4},"end":{"line":29,"column":17}},"loc":{"start":{"line":29,"column":17},"end":{"line":29,"column":68}},"line":29}},"branchMap":{"0":{"loc":{"start":{"line":15,"column":4},"end":{"line":18,"column":null}},"type":"if","locations":[{"start":{"line":15,"column":4},"end":{"line":18,"column":null}},{"start":{"line":17,"column":11},"end":{"line":18,"column":null}}],"line":15},"1":{"loc":{"start":{"line":26,"column":6},"end":{"line":26,"column":null}},"type":"if","locations":[{"start":{"line":26,"column":6},"end":{"line":26,"column":null}},{"start":{},"end":{}}],"line":26},"2":{"loc":{"start":{"line":28,"column":4},"end":{"line":28,"column":null}},"type":"if","locations":[{"start":{"line":28,"column":4},"end":{"line":28,"column":null}},{"start":{},"end":{}}],"line":28},"3":{"loc":{"start":{"line":32,"column":2},"end":{"line":32,"column":null}},"type":"if","locations":[{"start":{"line":32,"column":2},"end":{"line":32,"column":null}},{"start":{},"end":{}}],"line":32}},"s":{"0":1,"1":6,"2":6,"3":4,"4":2,"5":6,"6":6,"7":6,"8":6,"9":2,"10":2,"11":6,"12":4,"13":6,"14":6,"15":6,"16":2,"17":4},"f":{"0":6,"1":6,"2":6,"3":6,"4":2,"5":6},"b":{"0":[4,2],"1":[2,0],"2":[4,2],"3":[2,4]},"meta":{"lastBranch":4,"lastFunction":6,"lastStatement":18,"seen":{"s:12:13:71:Infinity":0,"f:12:13:12:22":0,"s:14:2:21:Infinity":1,"f:14:2:14:18":1,"b:15:4:18:Infinity:17:11:18:Infinity":0,"s:15:4:18:Infinity":2,"s:16:6:16:Infinity":3,"s:18:6:18:Infinity":4,"s:20:4:20:Infinity":5,"f:20:4:20:17":2,"s:20:19:20:Infinity":6,"s:24:2:30:Infinity":7,"f:24:2:24:18":3,"s:25:10:26:Infinity":8,"f:25:10:25:26":4,"b:26:6:26:Infinity:undefined:undefined:undefined:undefined":1,"s:26:6:26:Infinity":9,"s:26:30:26:Infinity":10,"b:28:4:28:Infinity:undefined:undefined:undefined:undefined":2,"s:28:4:28:Infinity":11,"s:28:16:28:Infinity":12,"s:29:4:29:Infinity":13,"f:29:4:29:17":5,"s:29:17:29:68":14,"b:32:2:32:Infinity:undefined:undefined:undefined:undefined":3,"s:32:2:32:Infinity":15,"s:32:15:32:Infinity":16,"s:35:2:71:Infinity":17}}}
,"/Users/andresvega/Documents/Personal/Develop/Kynetic-API/kynetic-app/src/shared/components/ui/Slider/Slider.tsx": {"path":"/Users/andresvega/Documents/Personal/Develop/Kynetic-API/kynetic-app/src/shared/components/ui/Slider/Slider.tsx","statementMap":{"0":{"start":{"line":12,"column":13},"end":{"line":49,"column":null}},"1":{"start":{"line":21,"column":8},"end":{"line":22,"column":null}},"2":{"start":{"line":22,"column":4},"end":{"line":22,"column":null}},"3":{"start":{"line":25,"column":2},"end":{"line":49,"column":null}}},"fnMap":{"0":{"name":"(anonymous_0)","decl":{"start":{"line":12,"column":13},"end":{"line":12,"column":23}},"loc":{"start":{"line":19,"column":19},"end":{"line":49,"column":null}},"line":19},"1":{"name":"(anonymous_1)","decl":{"start":{"line":21,"column":8},"end":{"line":21,"column":24}},"loc":{"start":{"line":21,"column":67},"end":{"line":22,"column":null}},"line":21}},"branchMap":{"0":{"loc":{"start":{"line":15,"column":2},"end":{"line":15,"column":null}},"type":"default-arg","locations":[{"start":{"line":15,"column":8},"end":{"line":15,"column":null}}],"line":15},"1":{"loc":{"start":{"line":16,"column":2},"end":{"line":16,"column":null}},"type":"default-arg","locations":[{"start":{"line":16,"column":8},"end":{"line":16,"column":null}}],"line":16},"2":{"loc":{"start":{"line":17,"column":2},"end":{"line":17,"column":null}},"type":"default-arg","locations":[{"start":{"line":17,"column":9},"end":{"line":17,"column":null}}],"line":17}},"s":{"0":1,"1":3,"2":1,"3":3},"f":{"0":3,"1":1},"b":{"0":[3],"1":[3],"2":[3]},"meta":{"lastBranch":3,"lastFunction":2,"lastStatement":4,"seen":{"s:12:13:49:Infinity":0,"f:12:13:12:23":0,"b:15:8:15:Infinity":0,"b:16:8:16:Infinity":1,"b:17:9:17:Infinity":2,"s:21:8:22:Infinity":1,"f:21:8:21:24":1,"s:22:4:22:Infinity":2,"s:25:2:49:Infinity":3}}}
}
